<?xml version="1.0" encoding="UTF-8"?>
<testng-results ignored="0" total="1" passed="1" failed="0" skipped="0">
  <reporter-output>
  </reporter-output>
  <suite started-at="2023-12-05T10:54:53 IST" name="Default suite" finished-at="2023-12-05T10:55:06 IST" duration-ms="12086">
    <groups>
    </groups>
    <test started-at="2023-12-05T10:54:53 IST" name="Default test" finished-at="2023-12-05T10:55:06 IST" duration-ms="12086">
      <class name="addtocarttabtestcases.AddtoCart">
        <test-method is-config="true" signature="InitExentReport()[pri:0, instance:addtocarttabtestcases.AddtoCart@f0e995e]" started-at="2023-12-05T10:54:53 IST" name="InitExentReport" finished-at="2023-12-05T10:54:53 IST" duration-ms="220" status="PASS">
          <reporter-output>
          </reporter-output>
        </test-method> <!-- InitExentReport -->
        <test-method is-config="true" signature="getnameMethod(org.testng.ITestContext)[pri:0, instance:addtocarttabtestcases.AddtoCart@f0e995e]" started-at="2023-12-05T10:54:53 IST" name="getnameMethod" finished-at="2023-12-05T10:54:53 IST" duration-ms="10" status="PASS">
          <params>
            <param index="0">
              <value>
                <![CDATA[org.testng.TestRunner@6aa5974e]]>
              </value>
            </param>
          </params>
          <reporter-output>
          </reporter-output>
        </test-method> <!-- getnameMethod -->
        <test-method is-config="true" signature="setup()[pri:0, instance:addtocarttabtestcases.AddtoCart@f0e995e]" started-at="2023-12-05T10:54:53 IST" name="setup" finished-at="2023-12-05T10:55:01 IST" duration-ms="7657" status="PASS">
          <reporter-output>
          </reporter-output>
        </test-method> <!-- setup -->
        <test-method signature="verifyUserisabletoaddTablettoCartandRemovefromCart()[pri:0, instance:addtocarttabtestcases.AddtoCart@f0e995e]" started-at="2023-12-05T10:55:01 IST" name="verifyUserisabletoaddTablettoCartandRemovefromCart" finished-at="2023-12-05T10:55:04 IST" duration-ms="3197" status="PASS">
          <reporter-output>
          </reporter-output>
        </test-method> <!-- verifyUserisabletoaddTablettoCartandRemovefromCart -->
        <test-method is-config="true" signature="tearDown()[pri:0, instance:addtocarttabtestcases.AddtoCart@f0e995e]" started-at="2023-12-05T10:55:04 IST" name="tearDown" finished-at="2023-12-05T10:55:06 IST" duration-ms="1169" status="PASS">
          <reporter-output>
          </reporter-output>
        </test-method> <!-- tearDown -->
        <test-method is-config="true" signature="generateStatus(java.lang.reflect.Method,org.testng.ITestResult)[pri:0, instance:addtocarttabtestcases.AddtoCart@f0e995e]" started-at="2023-12-05T10:55:06 IST" name="generateStatus" finished-at="2023-12-05T10:55:06 IST" duration-ms="14" status="PASS">
          <params>
            <param index="0">
              <value>
                <![CDATA[public void addtocarttabtestcases.AddtoCart.verifyUserisabletoaddTablettoCartandRemovefromCart()]]>
              </value>
            </param>
            <param index="1">
              <value>
                <![CDATA[[TestResult name=verifyUserisabletoaddTablettoCartandRemovefromCart status=SUCCESS method=AddtoCart.verifyUserisabletoaddTablettoCartandRemovefromCart()[pri:0, instance:addtocarttabtestcases.AddtoCart@f0e995e] output={null}]]]>
              </value>
            </param>
          </params>
          <reporter-output>
          </reporter-output>
        </test-method> <!-- generateStatus -->
        <test-method is-config="true" signature="generateReports()[pri:0, instance:addtocarttabtestcases.AddtoCart@f0e995e]" started-at="2023-12-05T10:55:06 IST" name="generateReports" finished-at="2023-12-05T10:55:06 IST" duration-ms="775" status="PASS">
          <reporter-output>
          </reporter-output>
        </test-method> <!-- generateReports -->
      </class> <!-- addtocarttabtestcases.AddtoCart -->
    </test> <!-- Default test -->
  </suite> <!-- Default suite -->
</testng-results>
