<?xml version="1.0" encoding="UTF-8"?>
<testng-results ignored="0" total="1" passed="1" failed="0" skipped="0">
  <reporter-output>
  </reporter-output>
  <suite started-at="2023-12-05T12:13:43 IST" name="Suite" finished-at="2023-12-05T12:13:55 IST" duration-ms="12104">
    <groups>
    </groups>
    <test started-at="2023-12-05T12:13:43 IST" name="Test" finished-at="2023-12-05T12:13:55 IST" duration-ms="12104">
      <class name="addtocarttabtestcases.AddtoCart">
        <test-method is-config="true" signature="InitExentReport()[pri:0, instance:addtocarttabtestcases.AddtoCart@f0e995e]" started-at="2023-12-05T12:13:43 IST" name="InitExentReport" finished-at="2023-12-05T12:13:43 IST" duration-ms="199" status="PASS">
          <reporter-output>
          </reporter-output>
        </test-method> <!-- InitExentReport -->
        <test-method is-config="true" signature="getnameMethod(org.testng.ITestContext)[pri:0, instance:addtocarttabtestcases.AddtoCart@f0e995e]" started-at="2023-12-05T12:13:43 IST" name="getnameMethod" finished-at="2023-12-05T12:13:43 IST" duration-ms="11" status="PASS">
          <params>
            <param index="0">
              <value>
                <![CDATA[org.testng.TestRunner@1129829c]]>
              </value>
            </param>
          </params>
          <reporter-output>
          </reporter-output>
        </test-method> <!-- getnameMethod -->
        <test-method is-config="true" signature="setup()[pri:0, instance:addtocarttabtestcases.AddtoCart@f0e995e]" started-at="2023-12-05T12:13:43 IST" name="setup" finished-at="2023-12-05T12:13:50 IST" duration-ms="7247" status="PASS">
          <reporter-output>
          </reporter-output>
        </test-method> <!-- setup -->
        <test-method signature="verifyUserisabletoaddTablettoCartandRemovefromCart()[pri:0, instance:addtocarttabtestcases.AddtoCart@f0e995e]" started-at="2023-12-05T12:13:50 IST" name="verifyUserisabletoaddTablettoCartandRemovefromCart" finished-at="2023-12-05T12:13:54 IST" duration-ms="3688" status="PASS">
          <reporter-output>
          </reporter-output>
        </test-method> <!-- verifyUserisabletoaddTablettoCartandRemovefromCart -->
        <test-method is-config="true" signature="tearDown()[pri:0, instance:addtocarttabtestcases.AddtoCart@f0e995e]" started-at="2023-12-05T12:13:54 IST" name="tearDown" finished-at="2023-12-05T12:13:55 IST" duration-ms="1111" status="PASS">
          <reporter-output>
          </reporter-output>
        </test-method> <!-- tearDown -->
        <test-method is-config="true" signature="generateStatus(java.lang.reflect.Method,org.testng.ITestResult)[pri:0, instance:addtocarttabtestcases.AddtoCart@f0e995e]" started-at="2023-12-05T12:13:55 IST" name="generateStatus" finished-at="2023-12-05T12:13:55 IST" duration-ms="3" status="PASS">
          <params>
            <param index="0">
              <value>
                <![CDATA[public void addtocarttabtestcases.AddtoCart.verifyUserisabletoaddTablettoCartandRemovefromCart()]]>
              </value>
            </param>
            <param index="1">
              <value>
                <![CDATA[[TestResult name=verifyUserisabletoaddTablettoCartandRemovefromCart status=SUCCESS method=AddtoCart.verifyUserisabletoaddTablettoCartandRemovefromCart()[pri:0, instance:addtocarttabtestcases.AddtoCart@f0e995e] output={null}]]]>
              </value>
            </param>
          </params>
          <reporter-output>
          </reporter-output>
        </test-method> <!-- generateStatus -->
        <test-method is-config="true" signature="generateReports()[pri:0, instance:addtocarttabtestcases.AddtoCart@f0e995e]" started-at="2023-12-05T12:13:55 IST" name="generateReports" finished-at="2023-12-05T12:13:56 IST" duration-ms="817" status="PASS">
          <reporter-output>
          </reporter-output>
        </test-method> <!-- generateReports -->
      </class> <!-- addtocarttabtestcases.AddtoCart -->
    </test> <!-- Test -->
  </suite> <!-- Suite -->
</testng-results>
